<?xml version="1.0" encoding="UTF-8"?>
<!-- Generated by org.testng.reporters.JUnitReportReporter -->
<testsuite hostname="EC2AMAZ-S11DBRH" failures="0" tests="1" name="runners.TestRunner" time="6.555" errors="0" timestamp="2023-08-25T04:57:35 GMT" skipped="0">
  <testcase classname="runners.TestRunner" name="runScenario" time="6.555"/>
  <system-out/>
</testsuite> <!-- runners.TestRunner -->
