<?xml version="1.0" encoding="UTF-8"?>
<!-- Generated by org.testng.reporters.JUnitReportReporter -->
<testsuite hostname="EC2AMAZ-S11DBRH" failures="0" tests="1" name="runners.ReRunFailedTC$TestRunner" time="7.179" errors="0" timestamp="2023-08-25T04:25:33 GMT" skipped="0">
  <testcase classname="runners.ReRunFailedTC$TestRunner" name="runScenario" time="7.179"/>
  <system-out/>
</testsuite> <!-- runners.ReRunFailedTC$TestRunner -->
